<exclude name="scala/io/UTF8String"/>
